This is pdfTeX, Version 3.141592653-2.6-1.40.26 (MiKTeX 24.4) (preloaded format=pdflatex 2024.8.28)  15 OCT 2024 18:53
entering extended mode
 restricted \write18 enabled.
 file:line:error style messages enabled.
 %&-line parsing enabled.
**c:/Users/ndkop/OneDrive/Engineering/CS/ADAM/documentation/cs_580/Project_proposal/proposal.tex
(c:/Users/ndkop/OneDrive/Engineering/CS/ADAM/documentation/cs_580/Project_proposal/proposal.tex
LaTeX2e <2024-06-01> patch level 2
L3 programming layer <2024-07-20>
(C:\Users\ndkop\AppData\Local\Programs\MiKTeX\tex/latex/base\article.cls
Document Class: article 2024/02/08 v1.4n Standard LaTeX document class
(C:\Users\ndkop\AppData\Local\Programs\MiKTeX\tex/latex/base\size10.clo
File: size10.clo 2024/02/08 v1.4n Standard LaTeX file (size option)
)
\c@part=\count194
\c@section=\count195
\c@subsection=\count196
\c@subsubsection=\count197
\c@paragraph=\count198
\c@subparagraph=\count199
\c@figure=\count266
\c@table=\count267
\abovecaptionskip=\skip49
\belowcaptionskip=\skip50
\bibindent=\dimen141
)

! LaTeX Error: File `neurips_2024.sty' not found.

Type X to quit or <RETURN> to proceed,
or enter new name. (Default extension: sty)

Enter file name: 
c:/Users/ndkop/OneDrive/Engineering/CS/ADAM/documentation/cs_580/Project_proposal/proposal.tex:11: Emergency stop.
<read *> 
         
l.11 ^^M
        
*** (cannot \read from terminal in nonstop modes)

 
Here is how much of TeX's memory you used:
 230 strings out of 473899
 3159 string characters out of 5726500
 1925960 words of memory out of 5000000
 23194 multiletter control sequences out of 15000+600000
 558069 words of font info for 36 fonts, out of 8000000 for 9000
 1141 hyphenation exceptions out of 8191
 35i,0n,38p,209b,36s stack positions out of 10000i,1000n,20000p,200000b,200000s
c:/Users/ndkop/OneDrive/Engineering/CS/ADAM/documentation/cs_580/Project_proposal/proposal.tex:11:  ==> Fatal error occurred, no output PDF file produced!
